<?xml version="1.0" encoding="UTF-8"?>
<!-- Generated by org.testng.reporters.JUnitXMLReporter -->
<testsuite ignored="1" hostname="DESKTOP-R99J4U7" failures="0" tests="1" name="Default test" time="16.968" errors="0" timestamp="2025-09-14T19:14:03 IST">
  <testcase classname="com.skillio.Mytestcases" name="clickOnToButton" time="6.319"/>
  <testcase classname="com.skillio.Mytestcases" name="verifiyJeansfilter" time="0.0">
    <ignored/>
  </testcase> <!-- verifiyJeansfilter -->
</testsuite> <!-- Default test -->
