<?xml version="1.0" encoding="UTF-8"?>
<testng-results ignored="0" total="1" passed="1" failed="0" skipped="0">
  <reporter-output>
  </reporter-output>
  <suite started-at="2025-09-04T23:42:09 IST" name="Suite" finished-at="2025-09-04T23:42:22 IST" duration-ms="12226">
    <groups>
    </groups>
    <test started-at="2025-09-04T23:42:09 IST" name="Test" finished-at="2025-09-04T23:42:22 IST" duration-ms="12226">
      <class name="com.skillio.MyTestCases">
        <test-method is-config="true" signature="setUp(java.lang.String)[pri:0, instance:com.skillio.MyTestCases@77fbd92c]" started-at="2025-09-04T23:42:09 IST" name="setUp" finished-at="2025-09-04T23:42:18 IST" duration-ms="8128" status="PASS">
          <params>
            <param index="0">
              <value is-null="true"/>
            </param>
          </params>
          <reporter-output>
          </reporter-output>
        </test-method> <!-- setUp -->
        <test-method signature="loginPage()[pri:0, instance:com.skillio.MyTestCases@77fbd92c]" started-at="2025-09-04T23:42:18 IST" name="loginPage" finished-at="2025-09-04T23:42:20 IST" duration-ms="2805" status="PASS">
          <reporter-output>
          </reporter-output>
        </test-method> <!-- loginPage -->
        <test-method is-config="true" signature="tearDown()[pri:0, instance:com.skillio.MyTestCases@77fbd92c]" started-at="2025-09-04T23:42:20 IST" name="tearDown" finished-at="2025-09-04T23:42:22 IST" duration-ms="1237" status="PASS">
          <reporter-output>
          </reporter-output>
        </test-method> <!-- tearDown -->
      </class> <!-- com.skillio.MyTestCases -->
    </test> <!-- Test -->
  </suite> <!-- Suite -->
</testng-results>
