<?xml version="1.0" encoding="UTF-8"?>
<testng-results ignored="1" total="2" passed="1" failed="0" skipped="0">
  <reporter-output>
  </reporter-output>
  <suite started-at="2025-09-14T19:13:46 IST" name="Default suite" finished-at="2025-09-14T19:14:03 IST" duration-ms="16968">
    <groups>
    </groups>
    <test started-at="2025-09-14T19:13:46 IST" name="Default test" finished-at="2025-09-14T19:14:03 IST" duration-ms="16968">
      <class name="com.skillio.Mytestcases">
        <test-method is-config="true" signature="setUp(java.lang.String)[pri:0, instance:com.skillio.Mytestcases@2d3379b4]" started-at="2025-09-14T19:13:46 IST" name="setUp" finished-at="2025-09-14T19:13:55 IST" duration-ms="8600" status="PASS">
          <params>
            <param index="0">
              <value is-null="true"/>
            </param>
          </params>
          <reporter-output>
          </reporter-output>
        </test-method> <!-- setUp -->
        <test-method signature="clickOnToButton()[pri:0, instance:com.skillio.Mytestcases@2d3379b4]" started-at="2025-09-14T19:13:55 IST" name="clickOnToButton" finished-at="2025-09-14T19:14:01 IST" duration-ms="6319" status="PASS">
          <reporter-output>
          </reporter-output>
        </test-method> <!-- clickOnToButton -->
        <test-method is-config="true" signature="tearDown()[pri:0, instance:com.skillio.Mytestcases@2d3379b4]" started-at="2025-09-14T19:14:01 IST" name="tearDown" finished-at="2025-09-14T19:14:03 IST" duration-ms="2003" status="PASS">
          <reporter-output>
          </reporter-output>
        </test-method> <!-- tearDown -->
      </class> <!-- com.skillio.Mytestcases -->
    </test> <!-- Default test -->
  </suite> <!-- Default suite -->
</testng-results>
